{
  "stats": {
    "suites": 1,
    "tests": 8,
    "passes": 0,
    "pending": 0,
    "failures": 8,
    "start": "2025-02-28T09:52:23.001Z",
    "end": "2025-02-28T09:52:29.185Z",
    "duration": 6184,
    "testsRegistered": 8,
    "passPercent": 0,
    "pendingPercent": 0,
    "other": 0,
    "hasOther": false,
    "skipped": 0,
    "hasSkipped": false
  },
  "results": [
    {
      "uuid": "1fd4d1b3-0a70-4fb0-8bc8-6b40bc820917",
      "title": "",
      "fullFile": "cypress\\integration\\backend\\backendTests.spec.js",
      "file": "cypress\\integration\\backend\\backendTests.spec.js",
      "beforeHooks": [],
      "afterHooks": [],
      "tests": [],
      "suites": [
        {
          "uuid": "ebaf5db2-598f-427c-9eb1-b6a13f04f509",
          "title": "Backend API Tests for Employee and Admin Role",
          "fullFile": "",
          "file": "",
          "beforeHooks": [],
          "afterHooks": [],
          "tests": [
            {
              "title": "should register a new employee",
              "fullTitle": "Backend API Tests for Employee and Admin Role should register a new employee",
              "timedOut": null,
              "duration": 884,
              "state": "failed",
              "speed": null,
              "pass": false,
              "fail": true,
              "pending": false,
              "context": null,
              "code": "cy.request(\"POST\", `${apiUrl}/auth/register`, {\n  username: employeeUsername,\n  // Use the dynamically generated username\n  password: employeePassword\n}).then(response => {\n  expect(response.status).to.eq(201);\n  expect(response.body).to.have.property(\"message\", \"User registered successfully\");\n});",
              "err": {
                "message": "CypressError: `cy.request()` failed trying to load:\n\nhttp://localhost:5000/api/auth/register\n\nWe attempted to make an http request to this URL but the request failed without a response.\n\nWe received this error at the network level:\n\n  > Error: connect ECONNREFUSED 127.0.0.1:5000\n\n-----------------------------------------------------------\n\nThe request we sent was:\n\nMethod: POST\nURL: http://localhost:5000/api/auth/register\n\n-----------------------------------------------------------\n\nCommon situations why this would fail:\n  - you don't have internet access\n  - you forgot to run / boot your web server\n  - your web server isn't accessible\n  - you have weird network configuration settings on your computer\n\nhttps://on.cypress.io/request",
                "estack": "CypressError: `cy.request()` failed trying to load:\n\nhttp://localhost:5000/api/auth/register\n\nWe attempted to make an http request to this URL but the request failed without a response.\n\nWe received this error at the network level:\n\n  > Error: connect ECONNREFUSED 127.0.0.1:5000\n\n-----------------------------------------------------------\n\nThe request we sent was:\n\nMethod: POST\nURL: http://localhost:5000/api/auth/register\n\n-----------------------------------------------------------\n\nCommon situations why this would fail:\n  - you don't have internet access\n  - you forgot to run / boot your web server\n  - your web server isn't accessible\n  - you have weird network configuration settings on your computer\n\nhttps://on.cypress.io/request\n    at <unknown> (http://localhost:5000/__cypress/runner/cypress_runner.js:132904:70)\n    at tryCatcher (http://localhost:5000/__cypress/runner/cypress_runner.js:1830:23)\n    at <unknown> (http://localhost:5000/__cypress/runner/cypress_runner.js:4226:37)\n    at tryCatcher (http://localhost:5000/__cypress/runner/cypress_runner.js:1830:23)\n    at Promise._settlePromiseFromHandler (http://localhost:5000/__cypress/runner/cypress_runner.js:1542:31)\n    at Promise._settlePromise (http://localhost:5000/__cypress/runner/cypress_runner.js:1599:18)\n    at Promise._settlePromise0 (http://localhost:5000/__cypress/runner/cypress_runner.js:1644:10)\n    at Promise._settlePromises (http://localhost:5000/__cypress/runner/cypress_runner.js:1720:18)\n    at _drainQueueStep (http://localhost:5000/__cypress/runner/cypress_runner.js:2430:12)\n    at _drainQueue (http://localhost:5000/__cypress/runner/cypress_runner.js:2423:9)\n    at Async._drainQueues (http://localhost:5000/__cypress/runner/cypress_runner.js:2439:5)\n    at Async.drainQueues (http://localhost:5000/__cypress/runner/cypress_runner.js:2309:14)\nFrom Your Spec Code:\n    at Context.eval (webpack://exitease/./cypress/integration/backend/backendTests.spec.js:9:7)\n\nFrom Node.js Internals:\n  RequestError: Error: connect ECONNREFUSED 127.0.0.1:5000\n      at new r (<embedded>:227:405020)\n      at ee.callback (<embedded>:227:411021)\n      at e.callback.s.callback [as _callback] (<embedded>:227:410467)\n      at s._callback.s.callback.s.callback (<embedded>:290:100275)\n      at ee.emit (node:events:514:28)\n      at ee.onRequestError (<embedded>:290:109217)\n      at ClientRequest.emit (node:events:526:35)\n      at Socket.socketErrorListener (node:_http_client:501:9)\n      at Socket.emit (node:events:514:28)\n      at emitErrorNT (node:internal/streams/destroy:151:8)\n      at emitErrorCloseNT (node:internal/streams/destroy:116:3)\n      at process.processTicksAndRejections (node:internal/process/task_queues:82:21)",
                "diff": null
              },
              "uuid": "9b5e3ad8-2786-4046-a1d0-75a51ae058d1",
              "parentUUID": "ebaf5db2-598f-427c-9eb1-b6a13f04f509",
              "isHook": false,
              "skipped": false
            },
            {
              "title": "should login the employee with valid credentials",
              "fullTitle": "Backend API Tests for Employee and Admin Role should login the employee with valid credentials",
              "timedOut": null,
              "duration": 727,
              "state": "failed",
              "speed": null,
              "pass": false,
              "fail": true,
              "pending": false,
              "context": null,
              "code": "cy.request(\"POST\", `${apiUrl}/auth/login`, {\n  username: employeeUsername,\n  // Use the same username as registration\n  password: employeePassword // Use the same password as registration\n}).then(response => {\n  expect(response.status).to.eq(200);\n  expect(response.body).to.have.property(\"token\");\n  Cypress.env(\"employeeAuthToken\", response.body.token); // Store token in Cypress environment variable\n});",
              "err": {
                "message": "CypressError: `cy.request()` failed trying to load:\n\nhttp://localhost:5000/api/auth/login\n\nWe attempted to make an http request to this URL but the request failed without a response.\n\nWe received this error at the network level:\n\n  > Error: connect ECONNREFUSED 127.0.0.1:5000\n\n-----------------------------------------------------------\n\nThe request we sent was:\n\nMethod: POST\nURL: http://localhost:5000/api/auth/login\n\n-----------------------------------------------------------\n\nCommon situations why this would fail:\n  - you don't have internet access\n  - you forgot to run / boot your web server\n  - your web server isn't accessible\n  - you have weird network configuration settings on your computer\n\nhttps://on.cypress.io/request",
                "estack": "CypressError: `cy.request()` failed trying to load:\n\nhttp://localhost:5000/api/auth/login\n\nWe attempted to make an http request to this URL but the request failed without a response.\n\nWe received this error at the network level:\n\n  > Error: connect ECONNREFUSED 127.0.0.1:5000\n\n-----------------------------------------------------------\n\nThe request we sent was:\n\nMethod: POST\nURL: http://localhost:5000/api/auth/login\n\n-----------------------------------------------------------\n\nCommon situations why this would fail:\n  - you don't have internet access\n  - you forgot to run / boot your web server\n  - your web server isn't accessible\n  - you have weird network configuration settings on your computer\n\nhttps://on.cypress.io/request\n    at <unknown> (http://localhost:5000/__cypress/runner/cypress_runner.js:132904:70)\n    at tryCatcher (http://localhost:5000/__cypress/runner/cypress_runner.js:1830:23)\n    at <unknown> (http://localhost:5000/__cypress/runner/cypress_runner.js:4226:37)\n    at tryCatcher (http://localhost:5000/__cypress/runner/cypress_runner.js:1830:23)\n    at Promise._settlePromiseFromHandler (http://localhost:5000/__cypress/runner/cypress_runner.js:1542:31)\n    at Promise._settlePromise (http://localhost:5000/__cypress/runner/cypress_runner.js:1599:18)\n    at Promise._settlePromise0 (http://localhost:5000/__cypress/runner/cypress_runner.js:1644:10)\n    at Promise._settlePromises (http://localhost:5000/__cypress/runner/cypress_runner.js:1720:18)\n    at _drainQueueStep (http://localhost:5000/__cypress/runner/cypress_runner.js:2430:12)\n    at _drainQueue (http://localhost:5000/__cypress/runner/cypress_runner.js:2423:9)\n    at Async._drainQueues (http://localhost:5000/__cypress/runner/cypress_runner.js:2439:5)\n    at Async.drainQueues (http://localhost:5000/__cypress/runner/cypress_runner.js:2309:14)\nFrom Your Spec Code:\n    at Context.eval (webpack://exitease/./cypress/integration/backend/backendTests.spec.js:22:7)\n\nFrom Node.js Internals:\n  RequestError: Error: connect ECONNREFUSED 127.0.0.1:5000\n      at new r (<embedded>:227:405020)\n      at ee.callback (<embedded>:227:411021)\n      at e.callback.s.callback [as _callback] (<embedded>:227:410467)\n      at s._callback.s.callback.s.callback (<embedded>:290:100275)\n      at ee.emit (node:events:514:28)\n      at ee.onRequestError (<embedded>:290:109217)\n      at ClientRequest.emit (node:events:526:35)\n      at Socket.socketErrorListener (node:_http_client:501:9)\n      at Socket.emit (node:events:514:28)\n      at emitErrorNT (node:internal/streams/destroy:151:8)\n      at emitErrorCloseNT (node:internal/streams/destroy:116:3)\n      at process.processTicksAndRejections (node:internal/process/task_queues:82:21)",
                "diff": null
              },
              "uuid": "7b9d019f-ba20-4f78-a348-bd7865e8a23c",
              "parentUUID": "ebaf5db2-598f-427c-9eb1-b6a13f04f509",
              "isHook": false,
              "skipped": false
            },
            {
              "title": "should submit resignation for an employee",
              "fullTitle": "Backend API Tests for Employee and Admin Role should submit resignation for an employee",
              "timedOut": null,
              "duration": 711,
              "state": "failed",
              "speed": null,
              "pass": false,
              "fail": true,
              "pending": false,
              "context": null,
              "code": "const token = Cypress.env(\"employeeAuthToken\"); // Retrieve token from Cypress environment variable\ncy.request({\n  method: \"POST\",\n  url: `${apiUrl}/user/resign`,\n  headers: {\n    Authorization: `${token}`\n  },\n  body: {\n    lwd: \"2024-12-26\"\n  }\n}).then(response => {\n  expect(response.status).to.eq(200);\n  employeeResignationId = response.body.data.resignation._id; // Store resignation ID for approval\n});",
              "err": {
                "message": "CypressError: `cy.request()` failed trying to load:\n\nhttp://localhost:5000/api/user/resign\n\nWe attempted to make an http request to this URL but the request failed without a response.\n\nWe received this error at the network level:\n\n  > Error: connect ECONNREFUSED 127.0.0.1:5000\n\n-----------------------------------------------------------\n\nThe request we sent was:\n\nMethod: POST\nURL: http://localhost:5000/api/user/resign\n\n-----------------------------------------------------------\n\nCommon situations why this would fail:\n  - you don't have internet access\n  - you forgot to run / boot your web server\n  - your web server isn't accessible\n  - you have weird network configuration settings on your computer\n\nhttps://on.cypress.io/request",
                "estack": "CypressError: `cy.request()` failed trying to load:\n\nhttp://localhost:5000/api/user/resign\n\nWe attempted to make an http request to this URL but the request failed without a response.\n\nWe received this error at the network level:\n\n  > Error: connect ECONNREFUSED 127.0.0.1:5000\n\n-----------------------------------------------------------\n\nThe request we sent was:\n\nMethod: POST\nURL: http://localhost:5000/api/user/resign\n\n-----------------------------------------------------------\n\nCommon situations why this would fail:\n  - you don't have internet access\n  - you forgot to run / boot your web server\n  - your web server isn't accessible\n  - you have weird network configuration settings on your computer\n\nhttps://on.cypress.io/request\n    at <unknown> (http://localhost:5000/__cypress/runner/cypress_runner.js:132904:70)\n    at tryCatcher (http://localhost:5000/__cypress/runner/cypress_runner.js:1830:23)\n    at <unknown> (http://localhost:5000/__cypress/runner/cypress_runner.js:4226:37)\n    at tryCatcher (http://localhost:5000/__cypress/runner/cypress_runner.js:1830:23)\n    at Promise._settlePromiseFromHandler (http://localhost:5000/__cypress/runner/cypress_runner.js:1542:31)\n    at Promise._settlePromise (http://localhost:5000/__cypress/runner/cypress_runner.js:1599:18)\n    at Promise._settlePromise0 (http://localhost:5000/__cypress/runner/cypress_runner.js:1644:10)\n    at Promise._settlePromises (http://localhost:5000/__cypress/runner/cypress_runner.js:1720:18)\n    at _drainQueueStep (http://localhost:5000/__cypress/runner/cypress_runner.js:2430:12)\n    at _drainQueue (http://localhost:5000/__cypress/runner/cypress_runner.js:2423:9)\n    at Async._drainQueues (http://localhost:5000/__cypress/runner/cypress_runner.js:2439:5)\n    at Async.drainQueues (http://localhost:5000/__cypress/runner/cypress_runner.js:2309:14)\nFrom Your Spec Code:\n    at Context.eval (webpack://exitease/./cypress/integration/backend/backendTests.spec.js:34:7)\n\nFrom Node.js Internals:\n  RequestError: Error: connect ECONNREFUSED 127.0.0.1:5000\n      at new r (<embedded>:227:405020)\n      at ee.callback (<embedded>:227:411021)\n      at e.callback.s.callback [as _callback] (<embedded>:227:410467)\n      at s._callback.s.callback.s.callback (<embedded>:290:100275)\n      at ee.emit (node:events:514:28)\n      at ee.onRequestError (<embedded>:290:109217)\n      at ClientRequest.emit (node:events:526:35)\n      at Socket.socketErrorListener (node:_http_client:501:9)\n      at Socket.emit (node:events:514:28)\n      at emitErrorNT (node:internal/streams/destroy:151:8)\n      at emitErrorCloseNT (node:internal/streams/destroy:116:3)\n      at process.processTicksAndRejections (node:internal/process/task_queues:82:21)",
                "diff": null
              },
              "uuid": "18a9bde8-02fe-4059-abc7-4bb8eb010245",
              "parentUUID": "ebaf5db2-598f-427c-9eb1-b6a13f04f509",
              "isHook": false,
              "skipped": false
            },
            {
              "title": "should login as admin (HR)",
              "fullTitle": "Backend API Tests for Employee and Admin Role should login as admin (HR)",
              "timedOut": null,
              "duration": 707,
              "state": "failed",
              "speed": null,
              "pass": false,
              "fail": true,
              "pending": false,
              "context": null,
              "code": "cy.request(\"POST\", `${apiUrl}/auth/login`, {\n  username: \"admin\",\n  password: \"admin\"\n}).then(response => {\n  expect(response.status).to.eq(200);\n  expect(response.body).to.have.property(\"token\");\n  Cypress.env(\"adminAuthToken\", response.body.token); // Store admin token in Cypress environment variable\n});",
              "err": {
                "message": "CypressError: `cy.request()` failed trying to load:\n\nhttp://localhost:5000/api/auth/login\n\nWe attempted to make an http request to this URL but the request failed without a response.\n\nWe received this error at the network level:\n\n  > Error: connect ECONNREFUSED 127.0.0.1:5000\n\n-----------------------------------------------------------\n\nThe request we sent was:\n\nMethod: POST\nURL: http://localhost:5000/api/auth/login\n\n-----------------------------------------------------------\n\nCommon situations why this would fail:\n  - you don't have internet access\n  - you forgot to run / boot your web server\n  - your web server isn't accessible\n  - you have weird network configuration settings on your computer\n\nhttps://on.cypress.io/request",
                "estack": "CypressError: `cy.request()` failed trying to load:\n\nhttp://localhost:5000/api/auth/login\n\nWe attempted to make an http request to this URL but the request failed without a response.\n\nWe received this error at the network level:\n\n  > Error: connect ECONNREFUSED 127.0.0.1:5000\n\n-----------------------------------------------------------\n\nThe request we sent was:\n\nMethod: POST\nURL: http://localhost:5000/api/auth/login\n\n-----------------------------------------------------------\n\nCommon situations why this would fail:\n  - you don't have internet access\n  - you forgot to run / boot your web server\n  - your web server isn't accessible\n  - you have weird network configuration settings on your computer\n\nhttps://on.cypress.io/request\n    at <unknown> (http://localhost:5000/__cypress/runner/cypress_runner.js:132904:70)\n    at tryCatcher (http://localhost:5000/__cypress/runner/cypress_runner.js:1830:23)\n    at <unknown> (http://localhost:5000/__cypress/runner/cypress_runner.js:4226:37)\n    at tryCatcher (http://localhost:5000/__cypress/runner/cypress_runner.js:1830:23)\n    at Promise._settlePromiseFromHandler (http://localhost:5000/__cypress/runner/cypress_runner.js:1542:31)\n    at Promise._settlePromise (http://localhost:5000/__cypress/runner/cypress_runner.js:1599:18)\n    at Promise._settlePromise0 (http://localhost:5000/__cypress/runner/cypress_runner.js:1644:10)\n    at Promise._settlePromises (http://localhost:5000/__cypress/runner/cypress_runner.js:1720:18)\n    at _drainQueueStep (http://localhost:5000/__cypress/runner/cypress_runner.js:2430:12)\n    at _drainQueue (http://localhost:5000/__cypress/runner/cypress_runner.js:2423:9)\n    at Async._drainQueues (http://localhost:5000/__cypress/runner/cypress_runner.js:2439:5)\n    at Async.drainQueues (http://localhost:5000/__cypress/runner/cypress_runner.js:2309:14)\nFrom Your Spec Code:\n    at Context.eval (webpack://exitease/./cypress/integration/backend/backendTests.spec.js:51:7)\n\nFrom Node.js Internals:\n  RequestError: Error: connect ECONNREFUSED 127.0.0.1:5000\n      at new r (<embedded>:227:405020)\n      at ee.callback (<embedded>:227:411021)\n      at e.callback.s.callback [as _callback] (<embedded>:227:410467)\n      at s._callback.s.callback.s.callback (<embedded>:290:100275)\n      at ee.emit (node:events:514:28)\n      at ee.onRequestError (<embedded>:290:109217)\n      at ClientRequest.emit (node:events:526:35)\n      at Socket.socketErrorListener (node:_http_client:501:9)\n      at Socket.emit (node:events:514:28)\n      at emitErrorNT (node:internal/streams/destroy:151:8)\n      at emitErrorCloseNT (node:internal/streams/destroy:116:3)\n      at process.processTicksAndRejections (node:internal/process/task_queues:82:21)",
                "diff": null
              },
              "uuid": "ca7e78ca-8f4c-4bf9-8e0e-5d8b383eed58",
              "parentUUID": "ebaf5db2-598f-427c-9eb1-b6a13f04f509",
              "isHook": false,
              "skipped": false
            },
            {
              "title": "should view all resignations submitted by employees as admin",
              "fullTitle": "Backend API Tests for Employee and Admin Role should view all resignations submitted by employees as admin",
              "timedOut": null,
              "duration": 727,
              "state": "failed",
              "speed": null,
              "pass": false,
              "fail": true,
              "pending": false,
              "context": null,
              "code": "const token = Cypress.env(\"adminAuthToken\"); // Retrieve admin token from Cypress environment variable\ncy.request({\n  method: \"GET\",\n  url: `${apiUrl}/admin/resignations`,\n  headers: {\n    Authorization: `${token}`\n  }\n}).then(response => {\n  expect(response.status).to.eq(200);\n  expect(response.body.data).to.be.an(\"array\");\n});",
              "err": {
                "message": "CypressError: `cy.request()` failed trying to load:\n\nhttp://localhost:5000/api/admin/resignations\n\nWe attempted to make an http request to this URL but the request failed without a response.\n\nWe received this error at the network level:\n\n  > Error: connect ECONNREFUSED 127.0.0.1:5000\n\n-----------------------------------------------------------\n\nThe request we sent was:\n\nMethod: GET\nURL: http://localhost:5000/api/admin/resignations\n\n-----------------------------------------------------------\n\nCommon situations why this would fail:\n  - you don't have internet access\n  - you forgot to run / boot your web server\n  - your web server isn't accessible\n  - you have weird network configuration settings on your computer\n\nhttps://on.cypress.io/request",
                "estack": "CypressError: `cy.request()` failed trying to load:\n\nhttp://localhost:5000/api/admin/resignations\n\nWe attempted to make an http request to this URL but the request failed without a response.\n\nWe received this error at the network level:\n\n  > Error: connect ECONNREFUSED 127.0.0.1:5000\n\n-----------------------------------------------------------\n\nThe request we sent was:\n\nMethod: GET\nURL: http://localhost:5000/api/admin/resignations\n\n-----------------------------------------------------------\n\nCommon situations why this would fail:\n  - you don't have internet access\n  - you forgot to run / boot your web server\n  - your web server isn't accessible\n  - you have weird network configuration settings on your computer\n\nhttps://on.cypress.io/request\n    at <unknown> (http://localhost:5000/__cypress/runner/cypress_runner.js:132904:70)\n    at tryCatcher (http://localhost:5000/__cypress/runner/cypress_runner.js:1830:23)\n    at <unknown> (http://localhost:5000/__cypress/runner/cypress_runner.js:4226:37)\n    at tryCatcher (http://localhost:5000/__cypress/runner/cypress_runner.js:1830:23)\n    at Promise._settlePromiseFromHandler (http://localhost:5000/__cypress/runner/cypress_runner.js:1542:31)\n    at Promise._settlePromise (http://localhost:5000/__cypress/runner/cypress_runner.js:1599:18)\n    at Promise._settlePromise0 (http://localhost:5000/__cypress/runner/cypress_runner.js:1644:10)\n    at Promise._settlePromises (http://localhost:5000/__cypress/runner/cypress_runner.js:1720:18)\n    at _drainQueueStep (http://localhost:5000/__cypress/runner/cypress_runner.js:2430:12)\n    at _drainQueue (http://localhost:5000/__cypress/runner/cypress_runner.js:2423:9)\n    at Async._drainQueues (http://localhost:5000/__cypress/runner/cypress_runner.js:2439:5)\n    at Async.drainQueues (http://localhost:5000/__cypress/runner/cypress_runner.js:2309:14)\nFrom Your Spec Code:\n    at Context.eval (webpack://exitease/./cypress/integration/backend/backendTests.spec.js:63:7)\n\nFrom Node.js Internals:\n  RequestError: Error: connect ECONNREFUSED 127.0.0.1:5000\n      at new r (<embedded>:227:405020)\n      at ee.callback (<embedded>:227:411021)\n      at e.callback.s.callback [as _callback] (<embedded>:227:410467)\n      at s._callback.s.callback.s.callback (<embedded>:290:100275)\n      at ee.emit (node:events:514:28)\n      at ee.onRequestError (<embedded>:290:109217)\n      at ClientRequest.emit (node:events:526:35)\n      at Socket.socketErrorListener (node:_http_client:501:9)\n      at Socket.emit (node:events:514:28)\n      at emitErrorNT (node:internal/streams/destroy:151:8)\n      at emitErrorCloseNT (node:internal/streams/destroy:116:3)\n      at process.processTicksAndRejections (node:internal/process/task_queues:82:21)",
                "diff": null
              },
              "uuid": "660a6100-6ffe-4211-bf13-3d5f547bb25b",
              "parentUUID": "ebaf5db2-598f-427c-9eb1-b6a13f04f509",
              "isHook": false,
              "skipped": false
            },
            {
              "title": "should approve the employee’s resignation as admin",
              "fullTitle": "Backend API Tests for Employee and Admin Role should approve the employee’s resignation as admin",
              "timedOut": null,
              "duration": 739,
              "state": "failed",
              "speed": null,
              "pass": false,
              "fail": true,
              "pending": false,
              "context": null,
              "code": "const token = Cypress.env(\"adminAuthToken\"); // Retrieve admin token from Cypress environment variable\ncy.request({\n  method: \"PUT\",\n  url: `${apiUrl}/admin/conclude_resignation`,\n  headers: {\n    Authorization: `${token}`\n  },\n  body: {\n    resignationId: employeeResignationId,\n    approved: true,\n    lwd: \"26 Dec 2024\"\n  }\n}).then(response => {\n  expect(response.status).to.eq(200);\n});",
              "err": {
                "message": "CypressError: `cy.request()` failed trying to load:\n\nhttp://localhost:5000/api/admin/conclude_resignation\n\nWe attempted to make an http request to this URL but the request failed without a response.\n\nWe received this error at the network level:\n\n  > Error: connect ECONNREFUSED 127.0.0.1:5000\n\n-----------------------------------------------------------\n\nThe request we sent was:\n\nMethod: PUT\nURL: http://localhost:5000/api/admin/conclude_resignation\n\n-----------------------------------------------------------\n\nCommon situations why this would fail:\n  - you don't have internet access\n  - you forgot to run / boot your web server\n  - your web server isn't accessible\n  - you have weird network configuration settings on your computer\n\nhttps://on.cypress.io/request",
                "estack": "CypressError: `cy.request()` failed trying to load:\n\nhttp://localhost:5000/api/admin/conclude_resignation\n\nWe attempted to make an http request to this URL but the request failed without a response.\n\nWe received this error at the network level:\n\n  > Error: connect ECONNREFUSED 127.0.0.1:5000\n\n-----------------------------------------------------------\n\nThe request we sent was:\n\nMethod: PUT\nURL: http://localhost:5000/api/admin/conclude_resignation\n\n-----------------------------------------------------------\n\nCommon situations why this would fail:\n  - you don't have internet access\n  - you forgot to run / boot your web server\n  - your web server isn't accessible\n  - you have weird network configuration settings on your computer\n\nhttps://on.cypress.io/request\n    at <unknown> (http://localhost:5000/__cypress/runner/cypress_runner.js:132904:70)\n    at tryCatcher (http://localhost:5000/__cypress/runner/cypress_runner.js:1830:23)\n    at <unknown> (http://localhost:5000/__cypress/runner/cypress_runner.js:4226:37)\n    at tryCatcher (http://localhost:5000/__cypress/runner/cypress_runner.js:1830:23)\n    at Promise._settlePromiseFromHandler (http://localhost:5000/__cypress/runner/cypress_runner.js:1542:31)\n    at Promise._settlePromise (http://localhost:5000/__cypress/runner/cypress_runner.js:1599:18)\n    at Promise._settlePromise0 (http://localhost:5000/__cypress/runner/cypress_runner.js:1644:10)\n    at Promise._settlePromises (http://localhost:5000/__cypress/runner/cypress_runner.js:1720:18)\n    at _drainQueueStep (http://localhost:5000/__cypress/runner/cypress_runner.js:2430:12)\n    at _drainQueue (http://localhost:5000/__cypress/runner/cypress_runner.js:2423:9)\n    at Async._drainQueues (http://localhost:5000/__cypress/runner/cypress_runner.js:2439:5)\n    at Async.drainQueues (http://localhost:5000/__cypress/runner/cypress_runner.js:2309:14)\nFrom Your Spec Code:\n    at Context.eval (webpack://exitease/./cypress/integration/backend/backendTests.spec.js:77:7)\n\nFrom Node.js Internals:\n  RequestError: Error: connect ECONNREFUSED 127.0.0.1:5000\n      at new r (<embedded>:227:405020)\n      at ee.callback (<embedded>:227:411021)\n      at e.callback.s.callback [as _callback] (<embedded>:227:410467)\n      at s._callback.s.callback.s.callback (<embedded>:290:100275)\n      at ee.emit (node:events:514:28)\n      at ee.onRequestError (<embedded>:290:109217)\n      at ClientRequest.emit (node:events:526:35)\n      at Socket.socketErrorListener (node:_http_client:501:9)\n      at Socket.emit (node:events:514:28)\n      at emitErrorNT (node:internal/streams/destroy:151:8)\n      at emitErrorCloseNT (node:internal/streams/destroy:116:3)\n      at process.processTicksAndRejections (node:internal/process/task_queues:82:21)",
                "diff": null
              },
              "uuid": "267b71fe-0bc1-4fcb-9031-0265fd28eb6d",
              "parentUUID": "ebaf5db2-598f-427c-9eb1-b6a13f04f509",
              "isHook": false,
              "skipped": false
            },
            {
              "title": "should allow the employee to submit responses to exit questionnaire",
              "fullTitle": "Backend API Tests for Employee and Admin Role should allow the employee to submit responses to exit questionnaire",
              "timedOut": null,
              "duration": 723,
              "state": "failed",
              "speed": null,
              "pass": false,
              "fail": true,
              "pending": false,
              "context": null,
              "code": "const token = Cypress.env(\"employeeAuthToken\"); // Retrieve employee token from Cypress environment variable\ncy.request({\n  method: \"POST\",\n  url: `${apiUrl}/user/responses`,\n  headers: {\n    Authorization: `${token}`\n  },\n  body: {\n    responses: [{\n      questionText: \"What prompted you to start looking for another job?\",\n      response: \"Lack of career growth opportunities\"\n    }, {\n      questionText: \"Would you recommend this company to others?\",\n      response: \"Yes, with some reservations\"\n    }]\n  }\n}).then(response => {\n  expect(response.status).to.eq(200);\n});",
              "err": {
                "message": "CypressError: `cy.request()` failed trying to load:\n\nhttp://localhost:5000/api/user/responses\n\nWe attempted to make an http request to this URL but the request failed without a response.\n\nWe received this error at the network level:\n\n  > Error: connect ECONNREFUSED 127.0.0.1:5000\n\n-----------------------------------------------------------\n\nThe request we sent was:\n\nMethod: POST\nURL: http://localhost:5000/api/user/responses\n\n-----------------------------------------------------------\n\nCommon situations why this would fail:\n  - you don't have internet access\n  - you forgot to run / boot your web server\n  - your web server isn't accessible\n  - you have weird network configuration settings on your computer\n\nhttps://on.cypress.io/request",
                "estack": "CypressError: `cy.request()` failed trying to load:\n\nhttp://localhost:5000/api/user/responses\n\nWe attempted to make an http request to this URL but the request failed without a response.\n\nWe received this error at the network level:\n\n  > Error: connect ECONNREFUSED 127.0.0.1:5000\n\n-----------------------------------------------------------\n\nThe request we sent was:\n\nMethod: POST\nURL: http://localhost:5000/api/user/responses\n\n-----------------------------------------------------------\n\nCommon situations why this would fail:\n  - you don't have internet access\n  - you forgot to run / boot your web server\n  - your web server isn't accessible\n  - you have weird network configuration settings on your computer\n\nhttps://on.cypress.io/request\n    at <unknown> (http://localhost:5000/__cypress/runner/cypress_runner.js:132904:70)\n    at tryCatcher (http://localhost:5000/__cypress/runner/cypress_runner.js:1830:23)\n    at <unknown> (http://localhost:5000/__cypress/runner/cypress_runner.js:4226:37)\n    at tryCatcher (http://localhost:5000/__cypress/runner/cypress_runner.js:1830:23)\n    at Promise._settlePromiseFromHandler (http://localhost:5000/__cypress/runner/cypress_runner.js:1542:31)\n    at Promise._settlePromise (http://localhost:5000/__cypress/runner/cypress_runner.js:1599:18)\n    at Promise._settlePromise0 (http://localhost:5000/__cypress/runner/cypress_runner.js:1644:10)\n    at Promise._settlePromises (http://localhost:5000/__cypress/runner/cypress_runner.js:1720:18)\n    at _drainQueueStep (http://localhost:5000/__cypress/runner/cypress_runner.js:2430:12)\n    at _drainQueue (http://localhost:5000/__cypress/runner/cypress_runner.js:2423:9)\n    at Async._drainQueues (http://localhost:5000/__cypress/runner/cypress_runner.js:2439:5)\n    at Async.drainQueues (http://localhost:5000/__cypress/runner/cypress_runner.js:2309:14)\nFrom Your Spec Code:\n    at Context.eval (webpack://exitease/./cypress/integration/backend/backendTests.spec.js:96:7)\n\nFrom Node.js Internals:\n  RequestError: Error: connect ECONNREFUSED 127.0.0.1:5000\n      at new r (<embedded>:227:405020)\n      at ee.callback (<embedded>:227:411021)\n      at e.callback.s.callback [as _callback] (<embedded>:227:410467)\n      at s._callback.s.callback.s.callback (<embedded>:290:100275)\n      at ee.emit (node:events:514:28)\n      at ee.onRequestError (<embedded>:290:109217)\n      at ClientRequest.emit (node:events:526:35)\n      at Socket.socketErrorListener (node:_http_client:501:9)\n      at Socket.emit (node:events:514:28)\n      at emitErrorNT (node:internal/streams/destroy:151:8)\n      at emitErrorCloseNT (node:internal/streams/destroy:116:3)\n      at process.processTicksAndRejections (node:internal/process/task_queues:82:21)",
                "diff": null
              },
              "uuid": "8e27aae6-abbf-42ab-a8f3-39cc7b428e54",
              "parentUUID": "ebaf5db2-598f-427c-9eb1-b6a13f04f509",
              "isHook": false,
              "skipped": false
            },
            {
              "title": "should allow the admin to view all questionnaire responses",
              "fullTitle": "Backend API Tests for Employee and Admin Role should allow the admin to view all questionnaire responses",
              "timedOut": null,
              "duration": 711,
              "state": "failed",
              "speed": null,
              "pass": false,
              "fail": true,
              "pending": false,
              "context": null,
              "code": "const token = Cypress.env(\"adminAuthToken\"); // Retrieve admin token from Cypress environment variable\ncy.request({\n  method: \"GET\",\n  url: `${apiUrl}/admin/exit_responses`,\n  headers: {\n    Authorization: `${token}`\n  }\n}).then(response => {\n  expect(response.status).to.eq(200);\n  expect(response.body.data).to.be.an(\"array\");\n  // Find the specific response data that matches the expected responses\n  const expectedResponses = [{\n    questionText: \"What prompted you to start looking for another job?\",\n    response: \"Lack of career growth opportunities\"\n  }, {\n    questionText: \"Would you recommend this company to others?\",\n    response: \"Yes, with some reservations\"\n  }];\n  // Check if any of the data array includes the expected responses\n  const hasExpectedResponses = response.body.data.some(item => {\n    return item.responses.length === expectedResponses.length && item.responses.every((resp, index) => {\n      return resp.questionText === expectedResponses[index].questionText && resp.response === expectedResponses[index].response;\n    });\n  });\n  // Assert that the expected responses exist in the data\n  expect(hasExpectedResponses).to.be.true;\n});",
              "err": {
                "message": "CypressError: `cy.request()` failed trying to load:\n\nhttp://localhost:5000/api/admin/exit_responses\n\nWe attempted to make an http request to this URL but the request failed without a response.\n\nWe received this error at the network level:\n\n  > Error: connect ECONNREFUSED 127.0.0.1:5000\n\n-----------------------------------------------------------\n\nThe request we sent was:\n\nMethod: GET\nURL: http://localhost:5000/api/admin/exit_responses\n\n-----------------------------------------------------------\n\nCommon situations why this would fail:\n  - you don't have internet access\n  - you forgot to run / boot your web server\n  - your web server isn't accessible\n  - you have weird network configuration settings on your computer\n\nhttps://on.cypress.io/request",
                "estack": "CypressError: `cy.request()` failed trying to load:\n\nhttp://localhost:5000/api/admin/exit_responses\n\nWe attempted to make an http request to this URL but the request failed without a response.\n\nWe received this error at the network level:\n\n  > Error: connect ECONNREFUSED 127.0.0.1:5000\n\n-----------------------------------------------------------\n\nThe request we sent was:\n\nMethod: GET\nURL: http://localhost:5000/api/admin/exit_responses\n\n-----------------------------------------------------------\n\nCommon situations why this would fail:\n  - you don't have internet access\n  - you forgot to run / boot your web server\n  - your web server isn't accessible\n  - you have weird network configuration settings on your computer\n\nhttps://on.cypress.io/request\n    at <unknown> (http://localhost:5000/__cypress/runner/cypress_runner.js:132904:70)\n    at tryCatcher (http://localhost:5000/__cypress/runner/cypress_runner.js:1830:23)\n    at <unknown> (http://localhost:5000/__cypress/runner/cypress_runner.js:4226:37)\n    at tryCatcher (http://localhost:5000/__cypress/runner/cypress_runner.js:1830:23)\n    at Promise._settlePromiseFromHandler (http://localhost:5000/__cypress/runner/cypress_runner.js:1542:31)\n    at Promise._settlePromise (http://localhost:5000/__cypress/runner/cypress_runner.js:1599:18)\n    at Promise._settlePromise0 (http://localhost:5000/__cypress/runner/cypress_runner.js:1644:10)\n    at Promise._settlePromises (http://localhost:5000/__cypress/runner/cypress_runner.js:1720:18)\n    at _drainQueueStep (http://localhost:5000/__cypress/runner/cypress_runner.js:2430:12)\n    at _drainQueue (http://localhost:5000/__cypress/runner/cypress_runner.js:2423:9)\n    at Async._drainQueues (http://localhost:5000/__cypress/runner/cypress_runner.js:2439:5)\n    at Async.drainQueues (http://localhost:5000/__cypress/runner/cypress_runner.js:2309:14)\nFrom Your Spec Code:\n    at Context.eval (webpack://exitease/./cypress/integration/backend/backendTests.spec.js:122:7)\n\nFrom Node.js Internals:\n  RequestError: Error: connect ECONNREFUSED 127.0.0.1:5000\n      at new r (<embedded>:227:405020)\n      at ee.callback (<embedded>:227:411021)\n      at e.callback.s.callback [as _callback] (<embedded>:227:410467)\n      at s._callback.s.callback.s.callback (<embedded>:290:100275)\n      at ee.emit (node:events:514:28)\n      at ee.onRequestError (<embedded>:290:109217)\n      at ClientRequest.emit (node:events:526:35)\n      at Socket.socketErrorListener (node:_http_client:501:9)\n      at Socket.emit (node:events:514:28)\n      at emitErrorNT (node:internal/streams/destroy:151:8)\n      at emitErrorCloseNT (node:internal/streams/destroy:116:3)\n      at process.processTicksAndRejections (node:internal/process/task_queues:82:21)",
                "diff": null
              },
              "uuid": "563331f4-63ea-4c22-beb1-858a4c3a85b1",
              "parentUUID": "ebaf5db2-598f-427c-9eb1-b6a13f04f509",
              "isHook": false,
              "skipped": false
            }
          ],
          "suites": [],
          "passes": [],
          "failures": [
            "9b5e3ad8-2786-4046-a1d0-75a51ae058d1",
            "7b9d019f-ba20-4f78-a348-bd7865e8a23c",
            "18a9bde8-02fe-4059-abc7-4bb8eb010245",
            "ca7e78ca-8f4c-4bf9-8e0e-5d8b383eed58",
            "660a6100-6ffe-4211-bf13-3d5f547bb25b",
            "267b71fe-0bc1-4fcb-9031-0265fd28eb6d",
            "8e27aae6-abbf-42ab-a8f3-39cc7b428e54",
            "563331f4-63ea-4c22-beb1-858a4c3a85b1"
          ],
          "pending": [],
          "skipped": [],
          "duration": 5929,
          "root": false,
          "rootEmpty": false,
          "_timeout": 2000
        }
      ],
      "passes": [],
      "failures": [],
      "pending": [],
      "skipped": [],
      "duration": 0,
      "root": true,
      "rootEmpty": true,
      "_timeout": 2000
    }
  ],
  "meta": {
    "mocha": {
      "version": "7.0.1"
    },
    "mochawesome": {
      "options": {
        "quiet": false,
        "reportFilename": "my-report",
        "saveHtml": true,
        "saveJson": true,
        "consoleReporter": "spec",
        "useInlineDiffs": false,
        "code": true
      },
      "version": "7.1.3"
    },
    "marge": {
      "options": {
        "charts": true,
        "json": true,
        "reportsDir": "reports/your-reports-folder",
        "reportFilename": "my-report",
        "overwrite": false
      },
      "version": "6.2.0"
    }
  }
}